[
  {
    "opinion": "Company car, benefits, network with tons of companies/people, training opportunities, Sinterklaasfeest, Career path is very horizontal",
    "source": "glassdoor",
    "date": "14/02/2022"
  },
  {
    "opinion": "fun environment (innovative, progressive, inclusive), complex internal structures related to cluster and sub-clusters",
    "source": "glassdoor",
    "date": "16/02/2022"
  },
  {
    "opinion": "Flat structure, You determine the course of your career yourself, The many sub-companies ensure that you can easily change employers while still working for Cronos, Opportunity to start your own business under Cronos without much risk, Performance reviews and the associated salary negotiations are often a measure of nothing. The amounts are already fixed in advance. If you go all out for a higher raise you get EUR 50 more that year and EUR 50 less the year after. However, this is the case in every larger company",
    "source": "glassdoor",
    "date": "5/02/2022"
  },
  {
    "opinion": "Entrepreneurship is rewarded & independent autonomy, Wages are not market based unfortunately",
    "source": "glassdoor",
    "date": "25/01/2022"
  },
  {
    "opinion": "OK salary, Many opportunities, On another you earn more..., Career opportunities are relatively limited because you end up working for a small company within the group",
    "source": "glassdoor",
    "date": "1/02/2022"
  },
  {
    "opinion": "great colleagues, dynamic atmosphere, lots of variety, difficult to negotiate salary, expectations of recruitment not always realistic",
    "source": "glassdoor",
    "date": "21/01/2022"
  },
  {
    "opinion": "Atmosphere, open, nice colleagues, cronos benefits, Low wages compared to other companies. Difficult to negotiate",
    "source": "glassdoor",
    "date": "13/01/2022"
  },
  {
    "opinion": "Opportunities are available for entrepreneurship Working with people of high technical expertise level, Organizational complexity Collaboration among themselves not always easy",
    "source": "glassdoor",
    "date": "10/12/2021"
  },
  {
    "opinion": "You can really develop yourself here, nice colleagues, dynamic atmosphere and a lot of variety. Here they have an eye for what you do and say, but that is the case in the entire IT sector.",
    "source": "glassdoor",
    "date": "30/10/2021"
  },
  {
    "opinion": "A lot of knowledge spread over different companies, Because you are often with the customer, you can benefit little from the facilities that cronos itself offers in the headquarters",
    "source": "glassdoor",
    "date": "7/09/2021"
  },
  {
    "opinion": "Flexible, good work-life balance, professional helpful admin, company car with fuel card, pleasant atmosphere, Few minuses, for those who want to earn a lot this may not be the right place",
    "source": "glassdoor",
    "date": "3/09/2021"
  },
  {
    "opinion": "No top-down, but bottom-up structure. Inspiring work environment. Good working conditions. Many colleagues grounded in good pleasant climate. There is room for self-development., Slightly rigid, as a consultant you are constantly on the job for different clients. Employment varies from month to month. Little else to say.",
    "source": "glassdoor",
    "date": "2/08/2021"
  },
  {
    "opinion": "there is very good support in starting your own business you get a lot of responsibility a very innovative environment to work in, you have to be able to find your own way and you are obliged to take initiative which is not easy for everyone",
    "source": "glassdoor",
    "date": "29/07/2021"
  },
  {
    "opinion": "Loose atmosphere, pleasant, empathy, group feeling, small scale, salary, growth opportunities, juniors, bureaucracy, customers",
    "source": "glassdoor",
    "date": "20/07/2021"
  },
  {
    "opinion": "correct salary good benefits nice colleagues (depends of course on the subcompany)",
    "source": "glassdoor",
    "date": "24 jun. 2021"
  },
  {
    "opinion": "Cool atmosphere and good to gain experience, Wage is not super and difficult negotiation for raise",
    "source": "glassdoor",
    "date": "2/07/2021"
  },
  {
    "opinion": "work life balance personal development large customer portfolio name recognition, being able to work with little structure set up your own structure and you are largely responsible for your own career path, there is no predefined path This is both an advantage and a disadvantage",
    "source": "glassdoor",
    "date": "10/05/2021"
  },
  {
    "opinion": "Company car, Correct compensation (for starters), Horizontal company structure, Career opportunities and advancement opportunities are limited, Go-with-the-flow mentality.",
    "source": "glassdoor",
    "date": "5/05/2021"
  },
  {
    "opinion": "Many opportunities for advancement, The offer of additional legal benefits",
    "source": "glassdoor",
    "date": "12/05/2021"
  },
  {
    "opinion": "Very diverse good for their employees, Few advancement opportunities, salary is a bit lower",
    "source": "glassdoor",
    "date": "21/03/2021"
  },
  {
    "opinion": "Friendly staff with passion for IT, Sometimes no work/customers. Long time on bench.",
    "source": "glassdoor",
    "date": "16/03/2021"
  },
  {
    "opinion": "Honest, many opportunities, many advancement opportunities, Smaller entities, corporate structures are still being sought",
    "source": "glassdoor",
    "date": "9/03/2021"
  },
  {
    "opinion": "Great company that has a lot of extras in facility management, Cronos has several sub companies. You have to be somewhat right to land at a good one, many are government mentality",
    "source": "glassdoor",
    "date": "8/03/2021"
  },
  {
    "opinion": "Within Cronos you will be given a lot of autonomy and opportunities whereby you will be coached in entrepreneurship, You must certainly take the initiative yourself",
    "source": "glassdoor",
    "date": "17/02/2021"
  },
  {
    "opinion": "flexibility ownership training IT remuneration, home work little structure long distance",
    "source": "glassdoor",
    "date": "15/01/2021"
  },
  {
    "opinion": "Huge knowledge, large network, interesting variety of projects, The pay is lower than usual if you are starter",
    "source": "glassdoor",
    "date": "18/01/2021"
  },
  {
    "opinion": "Nice colleagues, a lot of freedom, Office facilities, Poor management, low wages, many promises but few realizations",
    "source": "glassdoor",
    "date": "6/12/2020"
  },
  {
    "opinion": "There is a wide range of IT solutions, The internal competition is high",
    "source": "glassdoor",
    "date": "21/10/2020"
  },
  {
    "opinion": "Useful things learned. Close to home, Very bad employer, scolds employees, some people who have contracts they fire before they start, employees are constantly replaced by other employees. They try to make their employees perform a whole bunch of overtime without compensation.",
    "source": "glassdoor",
    "date": "30/10/2020"
  },
  {
    "opinion": "Young and dynamic team, lots of growth potential, Little guidance for starters, sometimes grows too fast",
    "source": "glassdoor",
    "date": "26/08/2020"
  }
]